{"numTotalTestSuites":2,"numPassedTestSuites":2,"numFailedTestSuites":0,"numPendingTestSuites":0,"numTotalTests":2,"numPassedTests":1,"numFailedTests":1,"numPendingTests":0,"numTodoTests":0,"startTime":1785131858088,"success":false,"testResults":[{"assertionResults":[{"ancestorTitles":["","BillingDashboardService"],"fullName":" BillingDashboardService calculates dashboard metrics from repository data","status":"failed","title":"calculates dashboard metrics from repository data","duration":27,"failureMessages":["expected 2 to be 1 // Object.is equality"],"location":{"line":45,"column":52}},{"ancestorTitles":["","BillingDashboardService"],"fullName":" BillingDashboardService returns zeroed metrics when there is no billing data","status":"passed","title":"returns zeroed metrics when there is no billing data","duration":2,"failureMessages":[]}],"startTime":1785131866431,"endTime":1785131866474,"status":"failed","message":"","name":"C:/Users/stylish_pranav/studyhub-ame/tests/billing/billing-dashboard.service.test.ts"}]}